Сборка начата 18.02.2019 11:55:34.
     1>Проект "D:\учеба\4 семестр\КСиС\KSIS11\KSIS11\KSIS11.vcxproj" в узле 2 (целевые объекты build).
     1>InitializeBuildStatus:
         Создание "Debug\KSIS11.unsuccessfulbuild", так как было задано "AlwaysCreate".
       ClCompile:
         d:\учеба\3 семестр\ЯП\visual studio 2010\VC\bin\CL.exe /c /ZI /nologo /W3 /WX- /Od /Oy- /D WIN32 /D _DEBUG /D _CONSOLE /D _UNICODE /D UNICODE /Gm /EHsc /RTC1 /MDd /GS /fp:precise /Zc:wchar_t /Zc:forScope /Fo"Debug\\" /Fd"Debug\vc100.pdb" /Gd /TP /analyze- /errorReport:prompt hg.cpp
         hg.cpp
     1>d:\учеба\4 семестр\ксис\ksis11\ksis11\hg.cpp(41): warning C4996: 'strcpy': This function or variable may be unsafe. Consider using strcpy_s instead. To disable deprecation, use _CRT_SECURE_NO_WARNINGS. See online help for details.
                 d:\учеба\3 семестр\яп\visual studio 2010\vc\include\string.h(105): см. объявление "strcpy"
     1>d:\учеба\4 семестр\ксис\ksis11\ksis11\hg.cpp(29): warning C4101: NetName: неиспользованная локальная переменная
     1>d:\учеба\4 семестр\ксис\ksis11\ksis11\hg.cpp(23): warning C4101: buffer: неиспользованная локальная переменная
       Link:
         d:\учеба\3 семестр\ЯП\visual studio 2010\VC\bin\link.exe /ERRORREPORT:PROMPT /OUT:"D:\учеба\4 семестр\КСиС\KSIS11\Debug\KSIS11.exe" /INCREMENTAL:NO /NOLOGO kernel32.lib user32.lib gdi32.lib winspool.lib comdlg32.lib advapi32.lib shell32.lib ole32.lib oleaut32.lib uuid.lib odbc32.lib odbccp32.lib /MANIFEST /ManifestFile:"Debug\KSIS11.exe.intermediate.manifest" /MANIFESTUAC:"level='asInvoker' uiAccess='false'" /DEBUG /PDB:"D:\учеба\4 семестр\КСиС\KSIS11\Debug\KSIS11.pdb" /SUBSYSTEM:CONSOLE /TLBID:1 /DYNAMICBASE /NXCOMPAT /IMPLIB:"D:\учеба\4 семестр\КСиС\KSIS11\Debug\KSIS11.lib" /MACHINE:X86 Debug\hg.obj
     1>hg.obj : warning LNK4075: не учитывается "/EDITANDCONTINUE" из-за спецификации "/INCREMENTAL:NO"
         KSIS11.vcxproj -> D:\учеба\4 семестр\КСиС\KSIS11\Debug\KSIS11.exe
       Manifest:
         C:\Program Files (x86)\Microsoft SDKs\Windows\v7.0A\bin\mt.exe /nologo /verbose /outputresource:"D:\учеба\4 семестр\КСиС\KSIS11\Debug\KSIS11.exe;#1" /manifest Debug\KSIS11.exe.intermediate.manifest
       FinalizeBuildStatus:
         Файл "Debug\KSIS11.unsuccessfulbuild" удаляется.
         Обращение к "Debug\KSIS11.lastbuildstate".
     1>Построение проекта "D:\учеба\4 семестр\КСиС\KSIS11\KSIS11\KSIS11.vcxproj" завершено (целевые объекты build).

Построение успешно завершено.

Затраченное время: 00:00:02.01
